<?xml version="1.0" encoding="UTF-8"?>
<testng-results ignored="0" total="1" passed="1" failed="0" skipped="0">
  <reporter-output>
  </reporter-output>
  <suite started-at="2023-12-19T18:04:29 IST" name="Default suite" finished-at="2023-12-19T18:04:31 IST" duration-ms="1801">
    <groups>
    </groups>
    <test started-at="2023-12-19T18:04:29 IST" name="Default test" finished-at="2023-12-19T18:04:31 IST" duration-ms="1801">
      <class name="restassuredscripts.LoggingUser">
        <test-method signature="Logging_Request()[pri:0, instance:restassuredscripts.LoggingUser@43dac38f]" started-at="2023-12-19T18:04:29 IST" name="Logging_Request" finished-at="2023-12-19T18:04:31 IST" duration-ms="1766" status="PASS">
          <reporter-output>
          </reporter-output>
        </test-method> <!-- Logging_Request -->
      </class> <!-- restassuredscripts.LoggingUser -->
    </test> <!-- Default test -->
  </suite> <!-- Default suite -->
</testng-results>
